<?xml version="1.0" encoding="UTF-8"?>
<!-- Generated by org.testng.reporters.JUnitReportReporter -->
<testsuite skipped="0" hostname="Naveen-Mac.local" name="com.mytest.LoginPageTest" tests="3" failures="0" timestamp="07 Jul 2020 02:13:48 GMT" time="30.749" errors="0">
  <testcase name="getGoogleTitleTest" time="6.050" classname="com.mytest.LoginPageTest"/>
  <testcase name="getGoogleTitleTest" time="9.025" classname="com.mytest.LoginPageTest"/>
  <testcase name="getGoogleTitleTest" time="15.674" classname="com.mytest.LoginPageTest"/>
</testsuite> <!-- com.mytest.LoginPageTest -->
