<?xml version="1.0" encoding="UTF-8"?>
<!-- Generated by org.testng.reporters.JUnitReportReporter -->
<testsuite skipped="0" hostname="Naveen-Mac.local" name="TestngSessions.InvocationCountConcept" tests="10" failures="0" timestamp="07 Jul 2020 01:26:55 GMT" time="0.018" errors="0">
  <testcase name="createUserTest" time="0.001" classname="TestngSessions.InvocationCountConcept"/>
  <testcase name="createUserTest" time="0.001" classname="TestngSessions.InvocationCountConcept"/>
  <testcase name="createUserTest" time="0.001" classname="TestngSessions.InvocationCountConcept"/>
  <testcase name="createUserTest" time="0.001" classname="TestngSessions.InvocationCountConcept"/>
  <testcase name="createUserTest" time="0.001" classname="TestngSessions.InvocationCountConcept"/>
  <testcase name="createUserTest" time="0.001" classname="TestngSessions.InvocationCountConcept"/>
  <testcase name="createUserTest" time="0.001" classname="TestngSessions.InvocationCountConcept"/>
  <testcase name="createUserTest" time="0.001" classname="TestngSessions.InvocationCountConcept"/>
  <testcase name="createUserTest" time="0.009" classname="TestngSessions.InvocationCountConcept"/>
  <testcase name="createUserTest" time="0.001" classname="TestngSessions.InvocationCountConcept"/>
</testsuite> <!-- TestngSessions.InvocationCountConcept -->
