<?xml version="1.0" encoding="UTF-8"?>
<!-- Generated by org.testng.reporters.JUnitReportReporter -->
<testsuite skipped="0" hostname="Naveen-Mac.local" name="TestngSessions.ExpectedExceptionConcept" tests="1" failures="0" timestamp="07 Jul 2020 01:25:08 GMT" time="0.008" errors="0">
  <testcase name="getNumberTest" time="0.008" classname="TestngSessions.ExpectedExceptionConcept"/>
</testsuite> <!-- TestngSessions.ExpectedExceptionConcept -->
