<?xml version="1.0" encoding="UTF-8"?>
<!-- Generated by org.testng.reporters.JUnitReportReporter -->
<testsuite skipped="0" hostname="Naveen-Mac.local" name="TestngSessions.PriorityUseCases" tests="6" failures="0" timestamp="06 Jul 2020 02:25:30 GMT" time="0.015" errors="0">
  <testcase name="btest1" time="0.001" classname="TestngSessions.PriorityUseCases"/>
  <testcase name="atest2" time="0.011" classname="TestngSessions.PriorityUseCases"/>
  <testcase name="ctest3" time="0.001" classname="TestngSessions.PriorityUseCases"/>
  <testcase name="test6" time="0.001" classname="TestngSessions.PriorityUseCases"/>
  <testcase name="test4" time="0.000" classname="TestngSessions.PriorityUseCases"/>
  <testcase name="test5" time="0.001" classname="TestngSessions.PriorityUseCases"/>
</testsuite> <!-- TestngSessions.PriorityUseCases -->
